nohup: ignoring input

15218300277933802207L
16708260805215456499L
8588686746641142022L
8804385499977965471L
6753770704067042326L
6323744864571109272L
6323744864571109272L
6857144723220337711L
15218300277933802207L
5091648750738025582L
4MinersNetHaCluster
5091648750738025582L
2336189594574049130L
3494478332389553072L
10477324178613658706L
2572706469880240486L
2336189594574049130L
15671495929959886717L
2572706469880240486L
4569947178987875857L
14154427136259700111L
6814780882216251454L
11504300899681415652L
11988895689627961256L
3494478332389553072L
4MinersNetHaCluster
4569947178987875857L
5977562988335329046L
13240708440968601556L
13240708440968601556L
2068939702361355850L
14154427136259700111L
6814780882216251454L
4MinersNetHaCluster
8668463642800443353L
4MinersNetHaCluster
1387251128423053926L
17259275837947739017L
1387251128423053926L
4259808787886566010L
8668463642800443353L
8505022323894380826L
4MinersNetHaCluster
17251379795990467551L
8588686746641142022L
2928808825523925539L
17251379795990467551L
6753770704067042326L
explorerMyliskCom
4MinersNetHaCluster
2928808825523925539L
468040857402951201L
17750554329737426607L
9507408743015643357L
4MinersNetHaCluster
liskAsiaPhinx
9507408743015643357L
4MinersNetHaCluster
8430109384368953846L
131390872977395697L
10220254067074498243L
8430109384368953846L
5423491976137898828L
4MinersNetHaCluster
6753770704067042326L
88046931035845321L
3158348243118361227L
11988895689627961256L
8804385499977965471L
4MinersNetHaCluster
11988895689627961256L
4MinersNetHaCluster
17259275837947739017L
11380384760969655418L
17259275837947739017L
biolyDelegateNode
4MinersNetHaCluster
4MinersNetHaCluster
6857144723220337711L
16708260805215456499L
10220254067074498243L
6323744864571109272L
6814780882216251454L
14154427136259700111L
2572706469880240486L
10477324178613658706L
15671495929959886717L
2336189594574049130L
4754162047805492087L
2928808825523925539L
15671495929959886717L
10477324178613658706L
4MinersNetHaCluster
4569947178987875857L
4MinersNetHaCluster
11504300899681415652L
8588686746641142022L
2068939702361355850L
11504300899681415652L
13240708440968601556L
4MinersNetHaCluster
9507408743015643357L
3494478332389553072L
8588686746641142022L
5091648750738025582L
15218300277933802207L
4259808787886566010L
explorerMyliskCom
5977562988335329046L
17251379795990467551L
thePoolIo
thePoolIo
4259808787886566010L
4MinersNetHaCluster
17750554329737426607L
17355119482909681847L
1387251128423053926L
4MinersNetHaCluster
liskAsiaPhinx
131390872977395697L
8668463642800443353L
8430109384368953846L
4MinersNetHaCluster
5423491976137898828L
3158348243118361227L
4MinersNetHaCluster
11988895689627961256L
8804385499977965471L
8505022323894380826L
468040857402951201L
4MinersNetHaCluster
thePoolIo
11380384760969655418L
17355119482909681847L
4754162047805492087L
4MinersNetHaCluster
biolyDelegateNode
4MinersNetHaCluster
6753770704067042326L
10220254067074498243L
4MinersNetHaCluster
6323744864571109272L
15218300277933802207L
2572706469880240486L
14154427136259700111L
10477324178613658706L
15671495929959886717L
5091648750738025582L
3494478332389553072L
4MinersNetHaCluster
2928808825523925539L
4569947178987875857L
16708260805215456499L
2068939702361355850L
4MinersNetHaCluster
5977562988335329046L
11504300899681415652L
13240708440968601556L
88046931035845321L
6814780882216251454L
8668463642800443353L
4MinersNetHaCluster
1387251128423053926L
8588686746641142022L
4MinersNetHaCluster
4MinersNetHaCluster
explorerMyliskCom
8505022323894380826L
4MinersNetHaCluster
4MinersNetHaCluster
6857144723220337711L
2336189594574049130L
4259808787886566010L
17259275837947739017L
468040857402951201L
4MinersNetHaCluster
17750554329737426607L
liskAsiaPhinx
4MinersNetHaCluster
8430109384368953846L
5423491976137898828L
6753770704067042326L
131390872977395697L
88046931035845321L
8804385499977965471L
4MinersNetHaCluster
4MinersNetHaCluster
17259275837947739017L
17355119482909681847L
thePoolIo
11380384760969655418L
4754162047805492087L
biolyDelegateNode
17251379795990467551L
4MinersNetHaCluster
11988895689627961256L
4MinersNetHaCluster
thePoolIo
4MinersNetHaCluster
4876869707331351848L
6814780882216251454L
10220254067074498243L
16708260805215456499L
4876869707331351848L
4876869707331351848L
15218300277933802207L
6323744864571109272L
6857144723220337711L
3494478332389553072L
2572706469880240486L
2336189594574049130L
2336189594574049130L
2928808825523925539L
3494478332389553072L
4569947178987875857L
4MinersNetHaCluster
15671495929959886717L
9507408743015643357L
2068939702361355850L
2928808825523925539L
4MinersNetHaCluster
4MinersNetHaCluster
2068939702361355850L
3158348243118361227L
explorerMyliskCom
4MinersNetHaCluster
4MinersNetHaCluster
explorerMyliskCom
8588686746641142022L
9507408743015643357L
4MinersNetHaCluster
13240708440968601556L
4MinersNetHaCluster
14154427136259700111L
4MinersNetHaCluster
4MinersNetHaCluster
5091648750738025582L
131390872977395697L
8430109384368953846L
131390872977395697L
8430109384368953846L
3158348243118361227L
4MinersNetHaCluster
liskAsiaPhinx
5423491976137898828L
5423491976137898828L
6753770704067042326L
4876869707331351848L
6753770704067042326L
4259808787886566010L
4MinersNetHaCluster
11988895689627961256L
4MinersNetHaCluster
17251379795990467551L
3158348243118361227L
11988895689627961256L
4MinersNetHaCluster
10477324178613658706L
4MinersNetHaCluster
thePoolIo
8668463642800443353L
4MinersNetHaCluster
17355119482909681847L
17259275837947739017L
11380384760969655418L
17750554329737426607L
thePoolIo
4754162047805492087L
17259275837947739017L
11380384760969655418L
biolyDelegateNode
17355119482909681847L
4754162047805492087L
4MinersNetHaCluster
8505022323894380826L
biolyDelegateNode
17750554329737426607L
4MinersNetHaCluster
8804385499977965471L
6814780882216251454L
8668463642800443353L
8804385499977965471L
4MinersNetHaCluster
4876869707331351848L
6323744864571109272L
6814780882216251454L
6323744864571109272L
2572706469880240486L
14154427136259700111L
10477324178613658706L
5091648750738025582L
2572706469880240486L
15671495929959886717L
10477324178613658706L
3494478332389553072L
14154427136259700111L
4MinersNetHaCluster
15671495929959886717L
2928808825523925539L
5977562988335329046L
4569947178987875857L
16708260805215456499L
5091648750738025582L
2336189594574049130L
4569947178987875857L
2068939702361355850L
4MinersNetHaCluster
13240708440968601556L
13240708440968601556L
16708260805215456499L
9507408743015643357L
5977562988335329046L
8588686746641142022L
8588686746641142022L
8668463642800443353L
4MinersNetHaCluster
9507408743015643357L
15218300277933802207L
explorerMyliskCom
5977562988335329046L
4MinersNetHaCluster
8505022323894380826L
8505022323894380826L
15218300277933802207L
4MinersNetHaCluster
88046931035845321L
10220254067074498243L
17750554329737426607L
4MinersNetHaCluster
liskAsiaPhinx
468040857402951201L
6857144723220337711L
8430109384368953846L
4MinersNetHaCluster
10220254067074498243L
88046931035845321L
5423491976137898828L
3158348243118361227L
88046931035845321L
4MinersNetHaCluster
131390872977395697L
1387251128423053926L
1387251128423053926L
8804385499977965471L
468040857402951201L
6857144723220337711L
4MinersNetHaCluster
11380384760969655418L
4754162047805492087L
biolyDelegateNode
4MinersNetHaCluster
468040857402951201L
4876869707331351848L
10220254067074498243L
4MinersNetHaCluster
16708260805215456499L
15218300277933802207L
6857144723220337711L
6323744864571109272L
17259275837947739017L
5091648750738025582L
4MinersNetHaCluster
6814780882216251454L
3494478332389553072L
2336189594574049130L
11988895689627961256L
4569947178987875857L
1387251128423053926L
2928808825523925539L
6753770704067042326L
4876869707331351848L
5977562988335329046L
2068939702361355850L
13240708440968601556L
2572706469880240486L
17355119482909681847L
9507408743015643357L
8588686746641142022L
4MinersNetHaCluster
8668463642800443353L
1387251128423053926L
explorerMyliskCom
4MinersNetHaCluster
4MinersNetHaCluster
8505022323894380826L
4MinersNetHaCluster
14154427136259700111L
4MinersNetHaCluster
468040857402951201L
15671495929959886717L
liskAsiaPhinx
thePoolIo
4MinersNetHaCluster
131390872977395697L
8430109384368953846L
5423491976137898828L
4MinersNetHaCluster
4MinersNetHaCluster
88046931035845321L
11988895689627961256L
4259808787886566010L
4259808787886566010L
4MinersNetHaCluster
thePoolIo
4MinersNetHaCluster
3158348243118361227L
17355119482909681847L
6753770704067042326L
17259275837947739017L
11380384760969655418L
biolyDelegateNode
4754162047805492087L
17750554329737426607L
4MinersNetHaCluster
6857144723220337711L
6814780882216251454L
16708260805215456499L
15218300277933802207L
6323744864571109272L
17251379795990467551L
4MinersNetHaCluster
17251379795990467551L
14154427136259700111L
2572706469880240486L
10477324178613658706L
15671495929959886717L
3494478332389553072L
2336189594574049130L
4MinersNetHaCluster
2928808825523925539L
4MinersNetHaCluster
2068939702361355850L
5977562988335329046L
4MinersNetHaCluster
9507408743015643357L
8588686746641142022L
1387251128423053926L
4MinersNetHaCluster
explorerMyliskCom
4259808787886566010L
8505022323894380826L
10477324178613658706L
4569947178987875857L
4MinersNetHaCluster
13240708440968601556L
10220254067074498243L
5091648750738025582L
4259808787886566010L
17251379795990467551L
4MinersNetHaCluster
468040857402951201L
17251379795990467551L
17750554329737426607L
8804385499977965471L
4MinersNetHaCluster
131390872977395697L
liskAsiaPhinx
liskAsiaPhinx
8668463642800443353L
8430109384368953846L
4MinersNetHaCluster
5423491976137898828L
3158348243118361227L
11988895689627961256L
4MinersNetHaCluster
8804385499977965471L
11504300899681415652L
11504300899681415652L
17259275837947739017L
4MinersNetHaCluster
11380384760969655418L
4754162047805492087L
biolyDelegateNode
4MinersNetHaCluster
10477324178613658706L
10220254067074498243L
6814780882216251454L
4MinersNetHaCluster
16708260805215456499L
2572706469880240486L
15218300277933802207L
17355119482909681847L
5091648750738025582L
6323744864571109272L
14154427136259700111L
15671495929959886717L
4MinersNetHaCluster
14154427136259700111L
3494478332389553072L
15671495929959886717L
88046931035845321L
4569947178987875857L
3494478332389553072L
4MinersNetHaCluster
4569947178987875857L
13240708440968601556L
5977562988335329046L
13240708440968601556L
9507408743015643357L
6857144723220337711L
5977562988335329046L
11504300899681415652L
8588686746641142022L
4MinersNetHaCluster
1387251128423053926L
9507408743015643357L
thePoolIo
8668463642800443353L
2068939702361355850L
1387251128423053926L
4MinersNetHaCluster
8588686746641142022L
explorerMyliskCom
8668463642800443353L
4259808787886566010L
explorerMyliskCom
8505022323894380826L
4MinersNetHaCluster
17251379795990467551L
2336189594574049130L
17251379795990467551L
8505022323894380826L
2928808825523925539L
4MinersNetHaCluster
11504300899681415652L
4259808787886566010L
17750554329737426607L
4MinersNetHaCluster
4MinersNetHaCluster
17750554329737426607L
liskAsiaPhinx
131390872977395697L
4MinersNetHaCluster
4MinersNetHaCluster
131390872977395697L
5423491976137898828L
5423491976137898828L
4MinersNetHaCluster
4MinersNetHaCluster
88046931035845321L
88046931035845321L
8804385499977965471L
8430109384368953846L
8804385499977965471L
6753770704067042326L
6753770704067042326L
4MinersNetHaCluster
4MinersNetHaCluster
thePoolIo
17259275837947739017L
17355119482909681847L
11380384760969655418L
11380384760969655418L
4876869707331351848L
17259275837947739017L
biolyDelegateNode
17355119482909681847L
4MinersNetHaCluster
biolyDelegateNode
11988895689627961256L
468040857402951201L
6857144723220337711L
4MinersNetHaCluster
10220254067074498243L
11504300899681415652L
4754162047805492087L
thePoolIo
16708260805215456499L
6814780882216251454L
14154427136259700111L
6323744864571109272L
10477324178613658706L
16708260805215456499L
6323744864571109272L
6814780882216251454L
10220254067074498243L
4MinersNetHaCluster
6857144723220337711L
10477324178613658706L
3494478332389553072L
2336189594574049130L
2336189594574049130L
2928808825523925539L
4MinersNetHaCluster
2572706469880240486L
2572706469880240486L
2928808825523925539L
5977562988335329046L
2068939702361355850L
11504300899681415652L
4MinersNetHaCluster
9507408743015643357L
15671495929959886717L
11988895689627961256L
2068939702361355850L
explorerMyliskCom
4MinersNetHaCluster
4259808787886566010L
1387251128423053926L
15218300277933802207L
17251379795990467551L
8505022323894380826L
13240708440968601556L
3158348243118361227L
4MinersNetHaCluster
468040857402951201L
468040857402951201L
4MinersNetHaCluster
5091648750738025582L
4MinersNetHaCluster
liskAsiaPhinx
8430109384368953846L
131390872977395697L
8588686746641142022L
4569947178987875857L
8430109384368953846L
4MinersNetHaCluster
15218300277933802207L
5423491976137898828L
3158348243118361227L
88046931035845321L
6753770704067042326L
5091648750738025582L
4MinersNetHaCluster
11988895689627961256L
8804385499977965471L
6753770704067042326L
17750554329737426607L
3158348243118361227L
4MinersNetHaCluster
17355119482909681847L
17259275837947739017L
11380384760969655418L
thePoolIo
4754162047805492087L
4MinersNetHaCluster
biolyDelegateNode
4754162047805492087L
4MinersNetHaCluster
16708260805215456499L
15218300277933802207L
4MinersNetHaCluster
6323744864571109272L
2572706469880240486L
5091648750738025582L
15671495929959886717L
4MinersNetHaCluster
2928808825523925539L
4569947178987875857L
4MinersNetHaCluster
5977562988335329046L
13240708440968601556L
6814780882216251454L
11504300899681415652L
9507408743015643357L
1387251128423053926L
8588686746641142022L
4MinersNetHaCluster
10220254067074498243L
14154427136259700111L
11504300899681415652L
8668463642800443353L
4MinersNetHaCluster
10477324178613658706L
3494478332389553072L
8505022323894380826L
17251379795990467551L
4MinersNetHaCluster
2336189594574049130L
2068939702361355850L
4MinersNetHaCluster
8668463642800443353L
liskAsiaPhinx
explorerMyliskCom
liskAsiaPhinx
131390872977395697L
8430109384368953846L
5423491976137898828L
4MinersNetHaCluster
6753770704067042326L
88046931035845321L
3158348243118361227L
17750554329737426607L
4MinersNetHaCluster
6857144723220337711L
8804385499977965471L
468040857402951201L
4MinersNetHaCluster
11380384760969655418L
4754162047805492087L
biolyDelegateNode
4MinersNetHaCluster
6857144723220337711L
4MinersNetHaCluster
6814780882216251454L
16708260805215456499L
10220254067074498243L
17355119482909681847L
15218300277933802207L
14154427136259700111L
5091648750738025582L
10477324178613658706L
17259275837947739017L
3494478332389553072L
2336189594574049130L
6323744864571109272L
4569947178987875857L
11988895689627961256L
2068939702361355850L
5977562988335329046L
2572706469880240486L
13240708440968601556L
4259808787886566010L
9507408743015643357L
8668463642800443353L
explorerMyliskCom
4MinersNetHaCluster
17251379795990467551L
8505022323894380826L
2928808825523925539L
4MinersNetHaCluster
15671495929959886717L
thePoolIo
4MinersNetHaCluster
1387251128423053926L
468040857402951201L
4MinersNetHaCluster
17750554329737426607L
4259808787886566010L
4MinersNetHaCluster
liskAsiaPhinx
131390872977395697L
8430109384368953846L
4MinersNetHaCluster
5423491976137898828L
3158348243118361227L
4MinersNetHaCluster
88046931035845321L
4MinersNetHaCluster
4MinersNetHaCluster
11988895689627961256L
8804385499977965471L
4MinersNetHaCluster
4MinersNetHaCluster
8588686746641142022L
17355119482909681847L
17259275837947739017L
11380384760969655418L
4MinersNetHaCluster
biolyDelegateNode
4MinersNetHaCluster
16708260805215456499L
6857144723220337711L
15218300277933802207L
6323744864571109272L
4MinersNetHaCluster
5091648750738025582L
6323744864571109272L
2572706469880240486L
15671495929959886717L
2336189594574049130L
15671495929959886717L
4MinersNetHaCluster
4MinersNetHaCluster
6753770704067042326L
2928808825523925539L
2336189594574049130L
2068939702361355850L
10477324178613658706L
4754162047805492087L
2928808825523925539L
8588686746641142022L
8588686746641142022L
4MinersNetHaCluster
13240708440968601556L
5977562988335329046L
2068939702361355850L
13240708440968601556L
9507408743015643357L
1387251128423053926L
9507408743015643357L
4MinersNetHaCluster
8668463642800443353L
1387251128423053926L
3494478332389553072L
8505022323894380826L
17251379795990467551L
8668463642800443353L
4MinersNetHaCluster
8505022323894380826L
4876869707331351848L
4MinersNetHaCluster
468040857402951201L
17750554329737426607L
468040857402951201L
4MinersNetHaCluster
14154427136259700111L
6814780882216251454L
17750554329737426607L
liskAsiaPhinx
liskAsiaPhinx
131390872977395697L
8430109384368953846L
131390872977395697L
4MinersNetHaCluster
8430109384368953846L
5423491976137898828L
5423491976137898828L
6753770704067042326L
4259808787886566010L
88046931035845321L
11988895689627961256L
88046931035845321L
6753770704067042326L
4569947178987875857L
4876869707331351848L
11988895689627961256L
4876869707331351848L
4MinersNetHaCluster
4876869707331351848L
4876869707331351848L
4MinersNetHaCluster
explorerMyliskCom
6814780882216251454L
8804385499977965471L
4754162047805492087L
3158348243118361227L
4MinersNetHaCluster
explorerMyliskCom
4754162047805492087L
11380384760969655418L
6857144723220337711L
11380384760969655418L
17259275837947739017L
4MinersNetHaCluster
10220254067074498243L
15218300277933802207L
6814780882216251454L
6323744864571109272L
14154427136259700111L
15218300277933802207L
17355119482909681847L
6857144723220337711L
10477324178613658706L
2572706469880240486L
4MinersNetHaCluster
3494478332389553072L
15671495929959886717L
10477324178613658706L
2572706469880240486L
14154427136259700111L
17259275837947739017L
3494478332389553072L
4569947178987875857L
4MinersNetHaCluster
biolyDelegateNode
4569947178987875857L
2068939702361355850L
5977562988335329046L
5977562988335329046L
8588686746641142022L
4MinersNetHaCluster
1387251128423053926L
13240708440968601556L
17355119482909681847L
4MinersNetHaCluster
explorerMyliskCom
17251379795990467551L
4259808787886566010L
4MinersNetHaCluster
17251379795990467551L
10220254067074498243L
4MinersNetHaCluster
4259808787886566010L
8505022323894380826L
16708260805215456499L
4MinersNetHaCluster
9507408743015643357L
17750554329737426607L
2928808825523925539L
2336189594574049130L
4MinersNetHaCluster
biolyDelegateNode
8668463642800443353L
4MinersNetHaCluster
8430109384368953846L
5423491976137898828L
88046931035845321L
3158348243118361227L
16708260805215456499L
liskAsiaPhinx
8804385499977965471L
131390872977395697L
8804385499977965471L
4MinersNetHaCluster
5091648750738025582L
4876869707331351848L
17355119482909681847L
17259275837947739017L
11380384760969655418L
4754162047805492087L
468040857402951201L
biolyDelegateNode
5091648750738025582L
11504300899681415652L
11504300899681415652L
11504300899681415652L
10220254067074498243L
16708260805215456499L
6857144723220337711L
4MinersNetHaCluster
4MinersNetHaCluster
6814780882216251454L
6323744864571109272L
5091648750738025582L
10220254067074498243L
14154427136259700111L
4876869707331351848L
11988895689627961256L
10477324178613658706L
3494478332389553072L
2336189594574049130L
15671495929959886717L
4MinersNetHaCluster
2928808825523925539L
4569947178987875857L
5977562988335329046L
6753770704067042326L
2068939702361355850L
2572706469880240486L
13240708440968601556L
4MinersNetHaCluster
11504300899681415652L
9507408743015643357L
8588686746641142022L
11504300899681415652L
8668463642800443353L
4MinersNetHaCluster
4MinersNetHaCluster
explorerMyliskCom
17251379795990467551L
4259808787886566010L
15218300277933802207L
4MinersNetHaCluster
8505022323894380826L
1387251128423053926L
4MinersNetHaCluster
468040857402951201L
17750554329737426607L
4MinersNetHaCluster
liskAsiaPhinx
8430109384368953846L
131390872977395697L
4MinersNetHaCluster
4MinersNetHaCluster
5423491976137898828L
6753770704067042326L
4MinersNetHaCluster
88046931035845321L
11988895689627961256L
8804385499977965471L
4MinersNetHaCluster
17355119482909681847L
17259275837947739017L
11380384760969655418L
4MinersNetHaCluster
4754162047805492087L
4MinersNetHaCluster
6857144723220337711L
4MinersNetHaCluster
15218300277933802207L
10220254067074498243L
6323744864571109272L
4876869707331351848L
16708260805215456499L
6323744864571109272L
6323744864571109272L
17355119482909681847L
15671495929959886717L
17355119482909681847L
4MinersNetHaCluster
2336189594574049130L
11988895689627961256L
4569947178987875857L
2336189594574049130L
4259808787886566010L
88046931035845321L
3158348243118361227L
5977562988335329046L
4MinersNetHaCluster
17750554329737426607L
8588686746641142022L
6753770704067042326L
13240708440968601556L
17259275837947739017L
6753770704067042326L
3494478332389553072L
14154427136259700111L
1387251128423053926L
4MinersNetHaCluster
2572706469880240486L
6857144723220337711L
4MinersNetHaCluster
4754162047805492087L
10220254067074498243L
thePoolIo
4MinersNetHaCluster
4876869707331351848L
4876869707331351848L
4876869707331351848L
biolyDelegateNode
9507408743015643357L
2068939702361355850L
8804385499977965471L
8430109384368953846L
17251379795990467551L
4MinersNetHaCluster
4MinersNetHaCluster
10477324178613658706L
thePoolIo
thePoolIo
2928808825523925539L
8668463642800443353L
8505022323894380826L
explorerMyliskCom
131390872977395697L
5091648750738025582L
liskAsiaPhinx
4MinersNetHaCluster
8804385499977965471L
5423491976137898828L
4MinersNetHaCluster
4MinersNetHaCluster
4MinersNetHaCluster
16708260805215456499L
6857144723220337711L
15218300277933802207L
6814780882216251454L
10477324178613658706L
11988895689627961256L
5091648750738025582L
4MinersNetHaCluster
17355119482909681847L
15671495929959886717L
3494478332389553072L
468040857402951201L
2336189594574049130L
17750554329737426607L
4MinersNetHaCluster
4569947178987875857L
2928808825523925539L
88046931035845321L
5977562988335329046L
2068939702361355850L
13240708440968601556L
17750554329737426607L
6753770704067042326L
17259275837947739017L
10220254067074498243L
4MinersNetHaCluster
6323744864571109272L
8588686746641142022L
17251379795990467551L
4MinersNetHaCluster
4876869707331351848L
4754162047805492087L
4MinersNetHaCluster
1387251128423053926L
4MinersNetHaCluster
explorerMyliskCom
4MinersNetHaCluster
2572706469880240486L
biolyDelegateNode
11380384760969655418L
4MinersNetHaCluster
8430109384368953846L
4MinersNetHaCluster
4MinersNetHaCluster
5423491976137898828L
5423491976137898828L
thePoolIo
4MinersNetHaCluster
8668463642800443353L
8505022323894380826L
thePoolIo
131390872977395697L
9507408743015643357L
4MinersNetHaCluster
liskAsiaPhinx
131390872977395697L
liskAsiaPhinx
14154427136259700111L
4MinersNetHaCluster
8804385499977965471L
8804385499977965471L
468040857402951201L
468040857402951201L
4MinersNetHaCluster
11380384760969655418L
4MinersNetHaCluster
6857144723220337711L
11380384760969655418L
4876869707331351848L
15218300277933802207L
6323744864571109272L
4MinersNetHaCluster
4MinersNetHaCluster
6857144723220337711L
6814780882216251454L
11988895689627961256L
6323744864571109272L
10477324178613658706L
17355119482909681847L
11988895689627961256L
15671495929959886717L
17355119482909681847L
15218300277933802207L
4MinersNetHaCluster
10477324178613658706L
4MinersNetHaCluster
15671495929959886717L
17750554329737426607L
2928808825523925539L
88046931035845321L
5977562988335329046L
4876869707331351848L
2068939702361355850L
13240708440968601556L
4MinersNetHaCluster
4MinersNetHaCluster
88046931035845321L
2068939702361355850L
13240708440968601556L
5977562988335329046L
2928808825523925539L
1387251128423053926L
16708260805215456499L
5091648750738025582L
1387251128423053926L
14154427136259700111L
4MinersNetHaCluster
2572706469880240486L
2572706469880240486L
14154427136259700111L
17251379795990467551L
2336189594574049130L
3158348243118361227L
4754162047805492087L
17251379795990467551L
4MinersNetHaCluster
5091648750738025582L
17259275837947739017L
4754162047805492087L
4259808787886566010L
2336189594574049130L
4259808787886566010L
6753770704067042326L
4MinersNetHaCluster
17259275837947739017L
3158348243118361227L
9507408743015643357L
biolyDelegateNode
9507408743015643357L
4569947178987875857L
biolyDelegateNode
4MinersNetHaCluster
8430109384368953846L
4259808787886566010L
8430109384368953846L
thePoolIo
5423491976137898828L
4MinersNetHaCluster
8668463642800443353L
4569947178987875857L
4MinersNetHaCluster
131390872977395697L
liskAsiaPhinx
explorerMyliskCom
4MinersNetHaCluster
11504300899681415652L
11504300899681415652L
11504300899681415652L
explorerMyliskCom
4MinersNetHaCluster
10220254067074498243L
8804385499977965471L
4MinersNetHaCluster
468040857402951201L
6753770704067042326L
8505022323894380826L
11380384760969655418L
6857144723220337711L
6814780882216251454L
4MinersNetHaCluster
16708260805215456499L
3494478332389553072L
8505022323894380826L
6814780882216251454L
16708260805215456499L
6323744864571109272L
4876869707331351848L
5091648750738025582L
17355119482909681847L
4MinersNetHaCluster
15671495929959886717L
8588686746641142022L
2336189594574049130L
15218300277933802207L
3158348243118361227L
4569947178987875857L
4MinersNetHaCluster
5977562988335329046L
11504300899681415652L
4259808787886566010L
2068939702361355850L
11504300899681415652L
6753770704067042326L
11988895689627961256L
3494478332389553072L
3494478332389553072L
17259275837947739017L
10220254067074498243L
8588686746641142022L
4876869707331351848L
4MinersNetHaCluster
8588686746641142022L
13240708440968601556L
4259808787886566010L
11504300899681415652L
1387251128423053926L
2572706469880240486L
10220254067074498243L
10477324178613658706L
4754162047805492087L
4MinersNetHaCluster
2928808825523925539L
4MinersNetHaCluster
88046931035845321L
explorerMyliskCom
biolyDelegateNode
4MinersNetHaCluster
8430109384368953846L
4MinersNetHaCluster
9507408743015643357L
5423491976137898828L
17750554329737426607L
8505022323894380826L
4MinersNetHaCluster
4MinersNetHaCluster
14154427136259700111L
17251379795990467551L
liskAsiaPhinx
131390872977395697L
4MinersNetHaCluster
8804385499977965471L
468040857402951201L
4MinersNetHaCluster
11380384760969655418L
6857144723220337711L
15218300277933802207L
5091648750738025582L
11504300899681415652L
4MinersNetHaCluster
6323744864571109272L
8668463642800443353L
11988895689627961256L
10477324178613658706L
17355119482909681847L
15671495929959886717L
6814780882216251454L
3494478332389553072L
17750554329737426607L
16708260805215456499L
4MinersNetHaCluster
2928808825523925539L
88046931035845321L
17750554329737426607L
4259808787886566010L
2068939702361355850L
2336189594574049130L
13240708440968601556L
6753770704067042326L
4MinersNetHaCluster
10220254067074498243L
1387251128423053926L
8588686746641142022L
14154427136259700111L
4MinersNetHaCluster
5977562988335329046L
17251379795990467551L
4754162047805492087L
2572706469880240486L
4MinersNetHaCluster
3158348243118361227L
3158348243118361227L
explorerMyliskCom
9507408743015643357L
biolyDelegateNode
4MinersNetHaCluster
8430109384368953846L
4MinersNetHaCluster
thePoolIo
4MinersNetHaCluster
5423491976137898828L
17259275837947739017L
4MinersNetHaCluster
4569947178987875857L
8668463642800443353L
8505022323894380826L
4MinersNetHaCluster
131390872977395697L
liskAsiaPhinx
thePoolIo
4MinersNetHaCluster
8804385499977965471L
4MinersNetHaCluster
11380384760969655418L
6857144723220337711L
4MinersNetHaCluster
6814780882216251454L
16708260805215456499L
15218300277933802207L
6323744864571109272L
11504300899681415652L
4MinersNetHaCluster
3494478332389553072L
11988895689627961256L
2336189594574049130L
4569947178987875857L
3158348243118361227L
4MinersNetHaCluster
4MinersNetHaCluster
5977562988335329046L
17355119482909681847L
6753770704067042326L
4259808787886566010L
17259275837947739017L
2068939702361355850L
10220254067074498243L
4MinersNetHaCluster
468040857402951201L
15671495929959886717L
14154427136259700111L
8588686746641142022L
5091648750738025582L
1387251128423053926L
17750554329737426607L
4MinersNetHaCluster
2572706469880240486L
4MinersNetHaCluster
4MinersNetHaCluster
explorerMyliskCom
9507408743015643357L
biolyDelegateNode
2928808825523925539L
13240708440968601556L
4MinersNetHaCluster
8430109384368953846L
4876869707331351848L
5423491976137898828L
4MinersNetHaCluster
8505022323894380826L
4MinersNetHaCluster
8505022323894380826L
88046931035845321L
4MinersNetHaCluster
4MinersNetHaCluster
8804385499977965471L
468040857402951201L
8804385499977965471L
11380384760969655418L
468040857402951201L
11380384760969655418L
6814780882216251454L
16708260805215456499L
6857144723220337711L
6814780882216251454L
16708260805215456499L
11504300899681415652L
6323744864571109272L
11988895689627961256L
6323744864571109272L
5091648750738025582L
6857144723220337711L
4MinersNetHaCluster
11988895689627961256L
17355119482909681847L
15671495929959886717L
2336189594574049130L
4754162047805492087L
3494478332389553072L
15218300277933802207L
5091648750738025582L
2336189594574049130L
4MinersNetHaCluster
15671495929959886717L
4569947178987875857L
17750554329737426607L
17355119482909681847L
2928808825523925539L
88046931035845321L
17750554329737426607L
4569947178987875857L
2068939702361355850L
6753770704067042326L
13240708440968601556L
17251379795990467551L
13240708440968601556L
17259275837947739017L
88046931035845321L
liskAsiaPhinx
4MinersNetHaCluster
8588686746641142022L
2928808825523925539L
10220254067074498243L
8668463642800443353L
10477324178613658706L
2068939702361355850L
17259275837947739017L
4MinersNetHaCluster
6753770704067042326L
10477324178613658706L
liskAsiaPhinx
4MinersNetHaCluster
131390872977395697L
131390872977395697L
4MinersNetHaCluster
2572706469880240486L
14154427136259700111L
2572706469880240486L
5977562988335329046L
1387251128423053926L
4MinersNetHaCluster
5977562988335329046L
3494478332389553072L
explorerMyliskCom
3158348243118361227L
8588686746641142022L
4MinersNetHaCluster
explorerMyliskCom
4MinersNetHaCluster
17251379795990467551L
4754162047805492087L
5423491976137898828L
5423491976137898828L
4MinersNetHaCluster
8668463642800443353L
8668463642800443353L
4MinersNetHaCluster
9507408743015643357L
131390872977395697L
liskAsiaPhinx
8505022323894380826L
8430109384368953846L
4MinersNetHaCluster
9507408743015643357L
biolyDelegateNode
8804385499977965471L
4MinersNetHaCluster
11380384760969655418L
14154427136259700111L
15218300277933802207L
4MinersNetHaCluster
6323744864571109272L
10477324178613658706L
15218300277933802207L
11988895689627961256L
11504300899681415652L
biolyDelegateNode
thePoolIo
16708260805215456499L
thePoolIo
8430109384368953846L
10477324178613658706L
17355119482909681847L
4259808787886566010L
6814780882216251454L
3494478332389553072L
4MinersNetHaCluster
2336189594574049130L
15671495929959886717L
17750554329737426607L
3158348243118361227L
2928808825523925539L
5977562988335329046L
4MinersNetHaCluster
2068939702361355850L
4MinersNetHaCluster
13240708440968601556L
88046931035845321L
6857144723220337711L
10220254067074498243L
4MinersNetHaCluster
14154427136259700111L
1387251128423053926L
1387251128423053926L
4259808787886566010L
10220254067074498243L
17251379795990467551L
2572706469880240486L
17251379795990467551L
4754162047805492087L
4MinersNetHaCluster
4569947178987875857L
4MinersNetHaCluster
9507408743015643357L
17259275837947739017L
biolyDelegateNode
explorerMyliskCom
8430109384368953846L
4MinersNetHaCluster
5091648750738025582L
5423491976137898828L
4MinersNetHaCluster
8588686746641142022L
8505022323894380826L
8668463642800443353L
thePoolIo
4MinersNetHaCluster
4MinersNetHaCluster
468040857402951201L
131390872977395697L
liskAsiaPhinx
6753770704067042326L
thePoolIo
4MinersNetHaCluster
8804385499977965471L
11380384760969655418L
6814780882216251454L
468040857402951201L
4MinersNetHaCluster
6857144723220337711L
16708260805215456499L
10477324178613658706L
5091648750738025582L
4MinersNetHaCluster
3494478332389553072L
15671495929959886717L
2336189594574049130L
4MinersNetHaCluster
4569947178987875857L
6323744864571109272L
5977562988335329046L
11988895689627961256L
13240708440968601556L
6753770704067042326L
88046931035845321L
17259275837947739017L
4MinersNetHaCluster
4MinersNetHaCluster
1387251128423053926L
17251379795990467551L
4MinersNetHaCluster
2572706469880240486L
8588686746641142022L
4259808787886566010L
10220254067074498243L
4MinersNetHaCluster
4754162047805492087L
4259808787886566010L
11504300899681415652L
4754162047805492087L
17750554329737426607L
4MinersNetHaCluster
2068939702361355850L
explorerMyliskCom
4MinersNetHaCluster
biolyDelegateNode
8430109384368953846L
4MinersNetHaCluster
5423491976137898828L
thePoolIo
17355119482909681847L
4MinersNetHaCluster
8505022323894380826L
4MinersNetHaCluster
2928808825523925539L
4MinersNetHaCluster
131390872977395697L
9507408743015643357L
8804385499977965471L
468040857402951201L
liskAsiaPhinx
15218300277933802207L
4MinersNetHaCluster
14154427136259700111L
11380384760969655418L
6857144723220337711L
16708260805215456499L
6323744864571109272L
4MinersNetHaCluster
10477324178613658706L
11988895689627961256L
11504300899681415652L
4876869707331351848L
4876869707331351848L
4876869707331351848L
15671495929959886717L
3494478332389553072L
4876869707331351848L
17355119482909681847L
5091648750738025582L
2336189594574049130L
8668463642800443353L
17750554329737426607L
2928808825523925539L
4MinersNetHaCluster
5977562988335329046L
13240708440968601556L
4MinersNetHaCluster
2068939702361355850L
4259808787886566010L
10220254067074498243L
15218300277933802207L
6814780882216251454L
1387251128423053926L
4MinersNetHaCluster
14154427136259700111L
6753770704067042326L
2572706469880240486L
4MinersNetHaCluster
4754162047805492087L
4876869707331351848L
4MinersNetHaCluster
17251379795990467551L
4MinersNetHaCluster
explorerMyliskCom
9507408743015643357L
biolyDelegateNode
3158348243118361227L
3158348243118361227L
88046931035845321L
8430109384368953846L
5423491976137898828L
8668463642800443353L
8505022323894380826L
4MinersNetHaCluster
4MinersNetHaCluster
131390872977395697L
liskAsiaPhinx
4MinersNetHaCluster
thePoolIo
4MinersNetHaCluster
4MinersNetHaCluster
468040857402951201L
11380384760969655418L
4876869707331351848L
15218300277933802207L
16708260805215456499L
6814780882216251454L
6857144723220337711L
11504300899681415652L
4MinersNetHaCluster
17259275837947739017L
2336189594574049130L
3494478332389553072L
11504300899681415652L
15671495929959886717L
3158348243118361227L
8804385499977965471L
4MinersNetHaCluster
5091648750738025582L
4569947178987875857L
5977562988335329046L
10477324178613658706L
4259808787886566010L
88046931035845321L
13240708440968601556L
6753770704067042326L
10220254067074498243L
4MinersNetHaCluster
4876869707331351848L
1387251128423053926L
3158348243118361227L
17259275837947739017L
14154427136259700111L
17251379795990467551L
2572706469880240486L
4MinersNetHaCluster
11988895689627961256L
4MinersNetHaCluster
4754162047805492087L
4MinersNetHaCluster
17355119482909681847L
4MinersNetHaCluster
4MinersNetHaCluster
6323744864571109272L
explorerMyliskCom
9507408743015643357L
biolyDelegateNode
explorerMyliskCom
4569947178987875857L
4569947178987875857L
biolyDelegateNode
9507408743015643357L
4MinersNetHaCluster
8430109384368953846L
4MinersNetHaCluster
5423491976137898828L
8430109384368953846L
5423491976137898828L
4MinersNetHaCluster
thePoolIo
17750554329737426607L
4MinersNetHaCluster
liskAsiaPhinx
8588686746641142022L
8588686746641142022L
4MinersNetHaCluster
8804385499977965471L
8804385499977965471L
2068939702361355850L
2928808825523925539L
11380384760969655418L
11380384760969655418L
6857144723220337711L
15218300277933802207L
8505022323894380826L
6814780882216251454L
6323744864571109272L
4MinersNetHaCluster
4876869707331351848L
6323744864571109272L
11988895689627961256L
10477324178613658706L
15218300277933802207L
11504300899681415652L
5091648750738025582L